<?xml version="1.0" encoding="UTF-8"?>
<!-- Generated by org.testng.reporters.JUnitXMLReporter -->
<testsuite hostname="ZenBook" ignored="0" name="Default test" tests="8" failures="0" timestamp="29 сен 2018 10:44:53 GMT" time="0.069" errors="0">
  <testcase name="sumDoubleTest" time="0.005" classname="com.epam.tat.calctest.testng.SumTest"/>
  <testcase name="sumDoubleTest" time="0.003" classname="com.epam.tat.calctest.testng.SumTest"/>
  <testcase name="sumDoubleTest" time="0.001" classname="com.epam.tat.calctest.testng.SumTest"/>
  <testcase name="sumDoubleTest" time="0.001" classname="com.epam.tat.calctest.testng.SumTest"/>
  <testcase name="sumLongTest" time="0.003" classname="com.epam.tat.calctest.testng.SumTest"/>
  <testcase name="sumLongTest" time="0.004" classname="com.epam.tat.calctest.testng.SumTest"/>
  <testcase name="sumLongTest" time="0.004" classname="com.epam.tat.calctest.testng.SumTest"/>
  <testcase name="sumLongTest" time="0.003" classname="com.epam.tat.calctest.testng.SumTest"/>
</testsuite> <!-- Default test -->
