<?xml version="1.0" encoding="UTF-8"?>
<testng-results skipped="0" failed="1" ignored="1" total="7" passed="5">
  <reporter-output>
  </reporter-output>
  <suite name="Default suite" duration-ms="47" started-at="2018-10-02T08:09:04Z" finished-at="2018-10-02T08:09:04Z">
    <groups>
      <group name="doubleInputData">
        <method signature="TstSqrt.sqrtTest(double, double)[pri:0, instance:com.epam.tat.calctest.testng.TstSqrt@58651fd0]" name="sqrtTest" class="com.epam.tat.calctest.testng.TstSqrt"/>
      </group> <!-- doubleInputData -->
      <group name="arithmetic">
        <method signature="TstSqrt.sqrtTest(double, double)[pri:0, instance:com.epam.tat.calctest.testng.TstSqrt@58651fd0]" name="sqrtTest" class="com.epam.tat.calctest.testng.TstSqrt"/>
      </group> <!-- arithmetic -->
    </groups>
    <test name="Default test" duration-ms="47" started-at="2018-10-02T08:09:04Z" finished-at="2018-10-02T08:09:04Z">
      <class name="com.epam.tat.calctest.testng.TstSqrt">
        <test-method status="PASS" signature="setUp()[pri:0, instance:com.epam.tat.calctest.testng.TstSqrt@58651fd0]" name="setUp" is-config="true" duration-ms="15" started-at="2018-10-02T08:09:04Z" finished-at="2018-10-02T08:09:04Z">
          <reporter-output>
          </reporter-output>
        </test-method> <!-- setUp -->
        <test-method status="PASS" signature="sqrtTest(double, double)[pri:0, instance:com.epam.tat.calctest.testng.TstSqrt@58651fd0]" name="sqrtTest" duration-ms="16" started-at="2018-10-02T08:09:04Z" data-provider="sqrtData" finished-at="2018-10-02T08:09:04Z">
          <params>
            <param index="0">
              <value>
                <![CDATA[121]]>
              </value>
            </param>
            <param index="1">
              <value>
                <![CDATA[11]]>
              </value>
            </param>
          </params>
          <reporter-output>
          </reporter-output>
        </test-method> <!-- sqrtTest -->
        <test-method status="PASS" signature="setUp()[pri:0, instance:com.epam.tat.calctest.testng.TstSqrt@58651fd0]" name="setUp" is-config="true" duration-ms="0" started-at="2018-10-02T08:09:04Z" finished-at="2018-10-02T08:09:04Z">
          <reporter-output>
          </reporter-output>
        </test-method> <!-- setUp -->
        <test-method status="PASS" signature="setUp()[pri:0, instance:com.epam.tat.calctest.testng.TstSqrt@58651fd0]" name="setUp" is-config="true" duration-ms="0" started-at="2018-10-02T08:09:04Z" finished-at="2018-10-02T08:09:04Z">
          <reporter-output>
          </reporter-output>
        </test-method> <!-- setUp -->
        <test-method status="PASS" signature="sqrtTest(double, double)[pri:0, instance:com.epam.tat.calctest.testng.TstSqrt@58651fd0]" name="sqrtTest" duration-ms="0" started-at="2018-10-02T08:09:04Z" data-provider="sqrtData" finished-at="2018-10-02T08:09:04Z">
          <params>
            <param index="0">
              <value>
                <![CDATA[0.0]]>
              </value>
            </param>
            <param index="1">
              <value>
                <![CDATA[0.0]]>
              </value>
            </param>
          </params>
          <reporter-output>
          </reporter-output>
        </test-method> <!-- sqrtTest -->
        <test-method status="PASS" signature="tearDown()[pri:0, instance:com.epam.tat.calctest.testng.TstSqrt@58651fd0]" name="tearDown" is-config="true" duration-ms="0" started-at="2018-10-02T08:09:04Z" finished-at="2018-10-02T08:09:04Z">
          <reporter-output>
          </reporter-output>
        </test-method> <!-- tearDown -->
        <test-method status="PASS" signature="tearDown()[pri:0, instance:com.epam.tat.calctest.testng.TstSqrt@58651fd0]" name="tearDown" is-config="true" duration-ms="0" started-at="2018-10-02T08:09:04Z" finished-at="2018-10-02T08:09:04Z">
          <reporter-output>
          </reporter-output>
        </test-method> <!-- tearDown -->
        <test-method status="PASS" signature="sqrtTest(double, double)[pri:0, instance:com.epam.tat.calctest.testng.TstSqrt@58651fd0]" name="sqrtTest" duration-ms="0" started-at="2018-10-02T08:09:04Z" data-provider="sqrtData" finished-at="2018-10-02T08:09:04Z">
          <params>
            <param index="0">
              <value>
                <![CDATA[1]]>
              </value>
            </param>
            <param index="1">
              <value>
                <![CDATA[1]]>
              </value>
            </param>
          </params>
          <reporter-output>
          </reporter-output>
        </test-method> <!-- sqrtTest -->
        <test-method status="PASS" signature="tearDown()[pri:0, instance:com.epam.tat.calctest.testng.TstSqrt@58651fd0]" name="tearDown" is-config="true" duration-ms="0" started-at="2018-10-02T08:09:04Z" finished-at="2018-10-02T08:09:04Z">
          <reporter-output>
          </reporter-output>
        </test-method> <!-- tearDown -->
        <test-method status="PASS" signature="setUp()[pri:0, instance:com.epam.tat.calctest.testng.TstSqrt@58651fd0]" name="setUp" is-config="true" duration-ms="0" started-at="2018-10-02T08:09:04Z" finished-at="2018-10-02T08:09:04Z">
          <reporter-output>
          </reporter-output>
        </test-method> <!-- setUp -->
        <test-method status="FAIL" signature="sqrtTest(double, double)[pri:0, instance:com.epam.tat.calctest.testng.TstSqrt@58651fd0]" name="sqrtTest" duration-ms="0" started-at="2018-10-02T08:09:04Z" data-provider="sqrtData" finished-at="2018-10-02T08:09:04Z">
          <params>
            <param index="0">
              <value>
                <![CDATA[-1]]>
              </value>
            </param>
            <param index="1">
              <value>
                <![CDATA[NaN]]>
              </value>
            </param>
          </params>
          <exception class="java.lang.AssertionError">
            <message>
              <![CDATA[Invalid result expected [NaN] but found [1.0]]]>
            </message>
            <full-stacktrace>
              <![CDATA[java.lang.AssertionError: Invalid result expected [NaN] but found [1.0]
at org.testng.Assert.fail(Assert.java:96)
at org.testng.Assert.failNotEquals(Assert.java:776)
at org.testng.Assert.assertEqualsImpl(Assert.java:137)
at org.testng.Assert.assertEquals(Assert.java:118)
at com.epam.tat.calctest.testng.TstSqrt.sqrtTest(TstSqrt.java:21)
at sun.reflect.NativeMethodAccessorImpl.invoke0(Native Method)
at sun.reflect.NativeMethodAccessorImpl.invoke(NativeMethodAccessorImpl.java:62)
at sun.reflect.DelegatingMethodAccessorImpl.invoke(DelegatingMethodAccessorImpl.java:43)
at java.lang.reflect.Method.invoke(Method.java:498)
at org.testng.internal.MethodInvocationHelper.invokeMethod(MethodInvocationHelper.java:124)
at org.testng.internal.Invoker.invokeMethod(Invoker.java:583)
at org.testng.internal.Invoker.invokeTestMethod(Invoker.java:719)
at org.testng.internal.Invoker.invokeTestMethods(Invoker.java:989)
at org.testng.internal.TestMethodWorker.invokeTestMethods(TestMethodWorker.java:125)
at org.testng.internal.TestMethodWorker.run(TestMethodWorker.java:109)
at org.testng.TestRunner.privateRun(TestRunner.java:648)
at org.testng.TestRunner.run(TestRunner.java:505)
at org.testng.SuiteRunner.runTest(SuiteRunner.java:455)
at org.testng.SuiteRunner.runSequentially(SuiteRunner.java:450)
at org.testng.SuiteRunner.privateRun(SuiteRunner.java:415)
at org.testng.SuiteRunner.run(SuiteRunner.java:364)
at org.testng.SuiteRunnerWorker.runSuite(SuiteRunnerWorker.java:52)
at org.testng.SuiteRunnerWorker.run(SuiteRunnerWorker.java:84)
at org.testng.TestNG.runSuitesSequentially(TestNG.java:1208)
at org.testng.TestNG.runSuitesLocally(TestNG.java:1137)
at org.testng.TestNG.runSuites(TestNG.java:1049)
at org.testng.TestNG.run(TestNG.java:1017)
at org.testng.remote.AbstractRemoteTestNG.run(AbstractRemoteTestNG.java:114)
at org.testng.remote.RemoteTestNG.initAndRun(RemoteTestNG.java:251)
at org.testng.remote.RemoteTestNG.main(RemoteTestNG.java:77)
]]>
            </full-stacktrace>
          </exception> <!-- java.lang.AssertionError -->
          <reporter-output>
          </reporter-output>
        </test-method> <!-- sqrtTest -->
        <test-method status="PASS" signature="sqrtTest(double, double)[pri:0, instance:com.epam.tat.calctest.testng.TstSqrt@58651fd0]" name="sqrtTest" duration-ms="0" started-at="2018-10-02T08:09:04Z" data-provider="sqrtData" finished-at="2018-10-02T08:09:04Z">
          <params>
            <param index="0">
              <value>
                <![CDATA[NaN]]>
              </value>
            </param>
            <param index="1">
              <value>
                <![CDATA[NaN]]>
              </value>
            </param>
          </params>
          <reporter-output>
          </reporter-output>
        </test-method> <!-- sqrtTest -->
        <test-method status="PASS" signature="tearDown()[pri:0, instance:com.epam.tat.calctest.testng.TstSqrt@58651fd0]" name="tearDown" is-config="true" duration-ms="0" started-at="2018-10-02T08:09:04Z" finished-at="2018-10-02T08:09:04Z">
          <reporter-output>
          </reporter-output>
        </test-method> <!-- tearDown -->
        <test-method status="PASS" signature="setUp()[pri:0, instance:com.epam.tat.calctest.testng.TstSqrt@58651fd0]" name="setUp" is-config="true" duration-ms="0" started-at="2018-10-02T08:09:04Z" finished-at="2018-10-02T08:09:04Z">
          <reporter-output>
          </reporter-output>
        </test-method> <!-- setUp -->
        <test-method status="PASS" signature="sqrtTest(double, double)[pri:0, instance:com.epam.tat.calctest.testng.TstSqrt@58651fd0]" name="sqrtTest" duration-ms="0" started-at="2018-10-02T08:09:04Z" data-provider="sqrtData" finished-at="2018-10-02T08:09:04Z">
          <params>
            <param index="0">
              <value>
                <![CDATA[Infinity]]>
              </value>
            </param>
            <param index="1">
              <value>
                <![CDATA[Infinity]]>
              </value>
            </param>
          </params>
          <reporter-output>
          </reporter-output>
        </test-method> <!-- sqrtTest -->
        <test-method status="PASS" signature="setUp()[pri:0, instance:com.epam.tat.calctest.testng.TstSqrt@58651fd0]" name="setUp" is-config="true" duration-ms="0" started-at="2018-10-02T08:09:04Z" finished-at="2018-10-02T08:09:04Z">
          <reporter-output>
          </reporter-output>
        </test-method> <!-- setUp -->
        <test-method status="PASS" signature="tearDown()[pri:0, instance:com.epam.tat.calctest.testng.TstSqrt@58651fd0]" name="tearDown" is-config="true" duration-ms="0" started-at="2018-10-02T08:09:04Z" finished-at="2018-10-02T08:09:04Z">
          <reporter-output>
          </reporter-output>
        </test-method> <!-- tearDown -->
        <test-method status="PASS" signature="tearDown()[pri:0, instance:com.epam.tat.calctest.testng.TstSqrt@58651fd0]" name="tearDown" is-config="true" duration-ms="0" started-at="2018-10-02T08:09:04Z" finished-at="2018-10-02T08:09:04Z">
          <reporter-output>
          </reporter-output>
        </test-method> <!-- tearDown -->
      </class> <!-- com.epam.tat.calctest.testng.TstSqrt -->
    </test> <!-- Default test -->
  </suite> <!-- Default suite -->
</testng-results>
