<?xml version="1.0" encoding="UTF-8"?>
<!-- Generated by org.testng.reporters.JUnitXMLReporter -->
<testsuite hostname="EPBYMINW0635" ignored="12" name="Tests of function with Long arument" tests="26" failures="0" timestamp="01 Oct 2018 09:23:00 GMT" time="0.157" errors="0">
  <testcase name="divLongDivByZeroTest" time="0.006" classname="com.epam.tat.calctest.testng.TstDiv"/>
  <testcase name="divLongTest" time="0.001" classname="com.epam.tat.calctest.testng.TstDiv"/>
  <testcase name="divLongTest" time="0.001" classname="com.epam.tat.calctest.testng.TstDiv"/>
  <testcase name="divLongTest" time="0.001" classname="com.epam.tat.calctest.testng.TstDiv"/>
  <testcase name="divLongTest" time="0.001" classname="com.epam.tat.calctest.testng.TstDiv"/>
  <testcase name="isNegativeTest" time="0.001" classname="com.epam.tat.calctest.testng.TstIsNegative"/>
  <testcase name="isNegativeTest" time="0.001" classname="com.epam.tat.calctest.testng.TstIsNegative"/>
  <testcase name="isNegativeTest" time="0.007" classname="com.epam.tat.calctest.testng.TstIsNegative"/>
  <testcase name="isNegativeTest" time="0.002" classname="com.epam.tat.calctest.testng.TstIsNegative"/>
  <testcase name="isPositiveTest" time="0.001" classname="com.epam.tat.calctest.testng.TstIsPositive"/>
  <testcase name="isPositiveTest" time="0.001" classname="com.epam.tat.calctest.testng.TstIsPositive"/>
  <testcase name="isPositiveTest" time="0.001" classname="com.epam.tat.calctest.testng.TstIsPositive"/>
  <testcase name="isPositiveTest" time="0.001" classname="com.epam.tat.calctest.testng.TstIsPositive"/>
  <testcase name="multLongTest" time="0.001" classname="com.epam.tat.calctest.testng.TstMult"/>
  <testcase name="multLongTest" time="0.001" classname="com.epam.tat.calctest.testng.TstMult"/>
  <testcase name="multLongTest" time="0.014" classname="com.epam.tat.calctest.testng.TstMult"/>
  <testcase name="multLongTest" time="0.001" classname="com.epam.tat.calctest.testng.TstMult"/>
  <testcase name="multLongTest" time="0.001" classname="com.epam.tat.calctest.testng.TstMult"/>
  <testcase name="sumLongTest" time="0.0" classname="com.epam.tat.calctest.testng.TstSub"/>
  <testcase name="sumLongTest" time="0.0" classname="com.epam.tat.calctest.testng.TstSub"/>
  <testcase name="sumLongTest" time="0.0" classname="com.epam.tat.calctest.testng.TstSub"/>
  <testcase name="sumLongTest" time="0.0" classname="com.epam.tat.calctest.testng.TstSub"/>
  <testcase name="sumLongTest" time="0.001" classname="com.epam.tat.calctest.testng.TstSum"/>
  <testcase name="sumLongTest" time="0.001" classname="com.epam.tat.calctest.testng.TstSum"/>
  <testcase name="sumLongTest" time="0.0" classname="com.epam.tat.calctest.testng.TstSum"/>
  <testcase name="sumLongTest" time="0.001" classname="com.epam.tat.calctest.testng.TstSum"/>
  <testcase name="cosTest" time="0.0" classname="com.epam.tat.calctest.testng.TstCos">
    <ignored/>
  </testcase> <!-- cosTest -->
  <testcase name="ctgTest" time="0.0" classname="com.epam.tat.calctest.testng.TstCtg">
    <ignored/>
  </testcase> <!-- ctgTest -->
  <testcase name="divDoubleTest" time="0.0" classname="com.epam.tat.calctest.testng.TstDiv">
    <ignored/>
  </testcase> <!-- divDoubleTest -->
  <testcase name="sumDoubleTest" time="0.0" classname="com.epam.tat.calctest.testng.TstSub">
    <ignored/>
  </testcase> <!-- sumDoubleTest -->
  <testcase name="tgTest" time="0.0" classname="com.epam.tat.calctest.testng.TstTg">
    <ignored/>
  </testcase> <!-- tgTest -->
  <testcase name="sqrtTest" time="0.0" classname="com.epam.tat.calctest.testng.TstSqrt">
    <ignored/>
  </testcase> <!-- sqrtTest -->
  <testcase name="powTest" time="0.0" classname="com.epam.tat.calctest.testng.TstPow">
    <ignored/>
  </testcase> <!-- powTest -->
  <testcase name="negativeArgumentTest" time="0.0" classname="com.epam.tat.calctest.testng.TstSqrt">
    <ignored/>
  </testcase> <!-- negativeArgumentTest -->
  <testcase name="sinTest" time="0.0" classname="com.epam.tat.calctest.testng.TstSin">
    <ignored/>
  </testcase> <!-- sinTest -->
  <testcase name="common" time="0.0" classname="com.epam.tat.calctest.testng.CommonTest">
    <ignored/>
  </testcase> <!-- common -->
  <testcase name="multDoubleTest" time="0.0" classname="com.epam.tat.calctest.testng.TstMult">
    <ignored/>
  </testcase> <!-- multDoubleTest -->
  <testcase name="sumDoubleTest" time="0.0" classname="com.epam.tat.calctest.testng.TstSum">
    <ignored/>
  </testcase> <!-- sumDoubleTest -->
</testsuite> <!-- Tests of function with Long arument -->
